<?xml version="1.0" encoding="UTF-8"?>
<!-- Generated by org.testng.reporters.JUnitReportReporter -->
<testsuite hostname="Andreis-MacBook-Pro.local" failures="0" tests="2" name="com.ing.engine.constants.SystemDefaultsNGTest" time="0.000" errors="0" timestamp="2026-03-17T11:28:41 MDT" skipped="0">
  <testcase classname="com.ing.engine.constants.SystemDefaultsNGTest" name="testGetBuildVersion" time="0.000"/>
  <system-out/>
  <testcase classname="com.ing.engine.constants.SystemDefaultsNGTest" name="testPrintSystemInfo" time="0.000"/>
  <system-out/>
</testsuite> <!-- com.ing.engine.constants.SystemDefaultsNGTest -->
