<?xml version="1.0" encoding="UTF-8"?>
<testsuites name="bun test" tests="3" assertions="3" failures="1" skipped="0" time="0.070665">
  <testsuite name="sample.test.ts" file="sample.test.ts" tests="3" assertions="3" failures="1" skipped="0" time="0.002" hostname="ci-runner">
    <properties>
      <property name="commit" value="9f3a1c7b2e5d4860a1b2c3d4e5f60718293a4b5c" />
    </properties>
    <testcase name="addition works" classname="" time="0.000728" file="sample.test.ts" line="3" assertions="1" />
    <testcase name="string includes" classname="" time="0.000094" file="sample.test.ts" line="7" assertions="1" />
    <testcase name="this one fails on purpose" classname="" time="0.002174" file="sample.test.ts" line="11" assertions="1">
      <failure type="AssertionError" />
    </testcase>
  </testsuite>
</testsuites>
